<?xml version="1.0" encoding="UTF-8"?>
<robot generator="Robot 7.2 (Python 3.10.16 on linux)" generated="2025-01-27T20:59:49.860262" rpa="false" schemaversion="5">
<suite id="s1" name="Horadoqa" source="/robot/horadoqa.robot">
<test id="s1-t1" name="Cenário: HQA" line="22">
<kw name="Abrir site">
<kw name="Open Browser" owner="SeleniumLibrary">
<msg time="2025-01-27T20:59:50.047869" level="INFO">Opening browser 'Chrome' to base url 'https://horadoqa.github.io/exercicios-git/'.</msg>
<msg time="2025-01-27T20:59:50.775676" level="INFO">Cannot capture screenshot because no browser is open.</msg>
<msg time="2025-01-27T20:59:50.775951" level="FAIL">SessionNotCreatedException: Message: session not created: probably user data directory is already in use, please specify a unique value for --user-data-dir argument, or don't use --user-data-dir
Stacktrace:
#0 0x561a0b2c0dca &lt;unknown&gt;
#1 0x561a0adb73f0 &lt;unknown&gt;
#2 0x561a0adee47a &lt;unknown&gt;
#3 0x561a0adea9b6 &lt;unknown&gt;
#4 0x561a0ae37ca6 &lt;unknown&gt;
#5 0x561a0ae372f6 &lt;unknown&gt;
#6 0x561a0ae2b833 &lt;unknown&gt;
#7 0x561a0adf85a0 &lt;unknown&gt;
#8 0x561a0adf9ece &lt;unknown&gt;
#9 0x561a0b28abdb &lt;unknown&gt;
#10 0x561a0b28eb67 &lt;unknown&gt;
#11 0x561a0b2763bc &lt;unknown&gt;
#12 0x561a0b28f727 &lt;unknown&gt;
#13 0x561a0b25a74f &lt;unknown&gt;
#14 0x561a0b2af938 &lt;unknown&gt;
#15 0x561a0b2afb00 &lt;unknown&gt;
#16 0x561a0b2bfc46 &lt;unknown&gt;
#17 0x7f43c1461a94 &lt;unknown&gt;
#18 0x7f43c14eec3c &lt;unknown&gt;
</msg>
<arg>${URL}</arg>
<arg>${BROWSER}</arg>
<doc>Opens a new browser instance to the optional ``url``.</doc>
<status status="FAIL" start="2025-01-27T20:59:50.047394" elapsed="0.730023">SessionNotCreatedException: Message: session not created: probably user data directory is already in use, please specify a unique value for --user-data-dir argument, or don't use --user-data-dir
Stacktrace:
#0 0x561a0b2c0dca &lt;unknown&gt;
#1 0x561a0adb73f0 &lt;unknown&gt;
#2 0x561a0adee47a &lt;unknown&gt;
#3 0x561a0adea9b6 &lt;unknown&gt;
#4 0x561a0ae37ca6 &lt;unknown&gt;
#5 0x561a0ae372f6 &lt;unknown&gt;
#6 0x561a0ae2b833 &lt;unknown&gt;
#7 0x561a0adf85a0 &lt;unknown&gt;
#8 0x561a0adf9ece &lt;unknown&gt;
#9 0x561a0b28abdb &lt;unknown&gt;
#10 0x561a0b28eb67 &lt;unknown&gt;
#11 0x561a0b2763bc &lt;unknown&gt;
#12 0x561a0b28f727 &lt;unknown&gt;
#13 0x561a0b25a74f &lt;unknown&gt;
#14 0x561a0b2af938 &lt;unknown&gt;
#15 0x561a0b2afb00 &lt;unknown&gt;
#16 0x561a0b2bfc46 &lt;unknown&gt;
#17 0x7f43c1461a94 &lt;unknown&gt;
#18 0x7f43c14eec3c &lt;unknown&gt;
</status>
</kw>
<status status="FAIL" start="2025-01-27T20:59:50.046050" elapsed="0.731716">SessionNotCreatedException: Message: session not created: probably user data directory is already in use, please specify a unique value for --user-data-dir argument, or don't use --user-data-dir
Stacktrace:
#0 0x561a0b2c0dca &lt;unknown&gt;
#1 0x561a0adb73f0 &lt;unknown&gt;
#2 0x561a0adee47a &lt;unknown&gt;
#3 0x561a0adea9b6 &lt;unknown&gt;
#4 0x561a0ae37ca6 &lt;unknown&gt;
#5 0x561a0ae372f6 &lt;unknown&gt;
#6 0x561a0ae2b833 &lt;unknown&gt;
#7 0x561a0adf85a0 &lt;unknown&gt;
#8 0x561a0adf9ece &lt;unknown&gt;
#9 0x561a0b28abdb &lt;unknown&gt;
#10 0x561a0b28eb67 &lt;unknown&gt;
#11 0x561a0b2763bc &lt;unknown&gt;
#12 0x561a0b28f727 &lt;unknown&gt;
#13 0x561a0b25a74f &lt;unknown&gt;
#14 0x561a0b2af938 &lt;unknown&gt;
#15 0x561a0b2afb00 &lt;unknown&gt;
#16 0x561a0b2bfc46 &lt;unknown&gt;
#17 0x7f43c1461a94 &lt;unknown&gt;
#18 0x7f43c14eec3c &lt;unknown&gt;
</status>
</kw>
<kw name="Maximizar a tela">
<status status="NOT RUN" start="2025-01-27T20:59:50.778089" elapsed="0.000068"/>
</kw>
<kw name="Fechar site">
<status status="NOT RUN" start="2025-01-27T20:59:50.778366" elapsed="0.000055"/>
</kw>
<status status="FAIL" start="2025-01-27T20:59:50.044812" elapsed="0.733885">SessionNotCreatedException: Message: session not created: probably user data directory is already in use, please specify a unique value for --user-data-dir argument, or don't use --user-data-dir
Stacktrace:
#0 0x561a0b2c0dca &lt;unknown&gt;
#1 0x561a0adb73f0 &lt;unknown&gt;
#2 0x561a0adee47a &lt;unknown&gt;
#3 0x561a0adea9b6 &lt;unknown&gt;
#4 0x561a0ae37ca6 &lt;unknown&gt;
#5 0x561a0ae372f6 &lt;unknown&gt;
#6 0x561a0ae2b833 &lt;unknown&gt;
#7 0x561a0adf85a0 &lt;unknown&gt;
#8 0x561a0adf9ece &lt;unknown&gt;
#9 0x561a0b28abdb &lt;unknown&gt;
#10 0x561a0b28eb67 &lt;unknown&gt;
#11 0x561a0b2763bc &lt;unknown&gt;
#12 0x561a0b28f727 &lt;unknown&gt;
#13 0x561a0b25a74f &lt;unknown&gt;
#14 0x561a0b2af938 &lt;unknown&gt;
#15 0x561a0b2afb00 &lt;unknown&gt;
#16 0x561a0b2bfc46 &lt;unknown&gt;
#17 0x7f43c1461a94 &lt;unknown&gt;
#18 0x7f43c14eec3c &lt;unknown&gt;
</status>
</test>
<status status="FAIL" start="2025-01-27T20:59:49.862053" elapsed="0.919162"/>
</suite>
<statistics>
<total>
<stat pass="0" fail="1" skip="0">All Tests</stat>
</total>
<tag>
</tag>
<suite>
<stat name="Horadoqa" id="s1" pass="0" fail="1" skip="0">Horadoqa</stat>
</suite>
</statistics>
<errors>
</errors>
</robot>
